2015-06-14 13:01:39,619 [Worker-0] ERROR o.e.r.m.a.MavenCentralFingerprintSearchAdvisor - Exception when querying Solr Server <http://search.maven.org/solrsearch>
org.apache.solr.client.solrj.SolrServerException: java.net.SocketTimeoutException: Read timed out
	at org.apache.solr.client.solrj.impl.CommonsHttpSolrServer.request(CommonsHttpSolrServer.java:480) ~[org.apache.solr.client.solrj_3.5.0.v20120530-0900.jar:na]
	at org.apache.solr.client.solrj.impl.CommonsHttpSolrServer.request(CommonsHttpSolrServer.java:246) ~[org.apache.solr.client.solrj_3.5.0.v20120530-0900.jar:na]
	at org.apache.solr.client.solrj.request.QueryRequest.process(QueryRequest.java:89) ~[na:na]
	at org.apache.solr.client.solrj.SolrServer.query(SolrServer.java:266) ~[org.apache.solr.client.solrj_3.5.0.v20120530-0900.jar:na]
	at org.eclipse.recommenders.models.advisors.MavenCentralFingerprintSearchAdvisor.doSuggest(MavenCentralFingerprintSearchAdvisor.java:91) ~[org.eclipse.recommenders.models_2.1.9.v20140917-1240.jar:na]
	at org.eclipse.recommenders.models.advisors.AbstractProjectCoordinateAdvisor.suggest(AbstractProjectCoordinateAdvisor.java:29) [org.eclipse.recommenders.models_2.1.9.v20140917-1240.jar:na]
	at org.eclipse.recommenders.models.rcp.advisors.EclipseMavenCentralFingerprintSearchAdvisor.suggest(EclipseMavenCentralFingerprintSearchAdvisor.java:55) [org.eclipse.recommenders.models.rcp_2.1.9.v20140917-1240.jar:na]
	at org.eclipse.recommenders.models.advisors.ProjectCoordinateAdvisorService.suggest(ProjectCoordinateAdvisorService.java:52) [org.eclipse.recommenders.models_2.1.9.v20140917-1240.jar:na]
	at org.eclipse.recommenders.internal.models.rcp.EclipseProjectCoordinateAdvisorService$2.load(EclipseProjectCoordinateAdvisorService.java:101) [org.eclipse.recommenders.models.rcp_2.1.9.v20140917-1240.jar:na]
	at org.eclipse.recommenders.internal.models.rcp.EclipseProjectCoordinateAdvisorService$2.load(EclipseProjectCoordinateAdvisorService.java:1) [org.eclipse.recommenders.models.rcp_2.1.9.v20140917-1240.jar:na]
	at com.google.common.cache.CacheLoader.reload(CacheLoader.java:94) [com.google.guava_15.0.0.v201403281430.jar:na]
	at com.google.common.cache.LocalCache$LoadingValueReference.loadFuture(LocalCache.java:3525) [com.google.guava_15.0.0.v201403281430.jar:na]
	at com.google.common.cache.LocalCache$Segment.loadAsync(LocalCache.java:2321) [com.google.guava_15.0.0.v201403281430.jar:na]
	at com.google.common.cache.LocalCache$Segment.refresh(LocalCache.java:2385) [com.google.guava_15.0.0.v201403281430.jar:na]
	at com.google.common.cache.LocalCache.refresh(LocalCache.java:4085) [com.google.guava_15.0.0.v201403281430.jar:na]
	at com.google.common.cache.LocalCache$LocalLoadingCache.refresh(LocalCache.java:4825) [com.google.guava_15.0.0.v201403281430.jar:na]
	at org.eclipse.recommenders.internal.models.rcp.EclipseProjectCoordinateAdvisorService$RefreshProjectCoordinatesJob.run(EclipseProjectCoordinateAdvisorService.java:209) [org.eclipse.recommenders.models.rcp_2.1.9.v20140917-1240.jar:na]
	at org.eclipse.core.internal.jobs.Worker.run(Worker.java:54) [org.eclipse.core.jobs_3.6.1.v20141014-1248.jar:na]
Caused by: java.net.SocketTimeoutException: Read timed out
	at java.net.SocketInputStream.socketRead0(Native Method) ~[na:1.8.0_25]
	at java.net.SocketInputStream.read(Unknown Source) ~[na:1.8.0_25]
	at java.net.SocketInputStream.read(Unknown Source) ~[na:1.8.0_25]
	at java.io.BufferedInputStream.fill(Unknown Source) ~[na:1.8.0_25]
	at java.io.BufferedInputStream.read(Unknown Source) ~[na:1.8.0_25]
	at org.apache.commons.httpclient.HttpParser.readRawLine(HttpParser.java:78) ~[org.apache.commons.httpclient_3.1.0.v201012070820.jar:na]
	at org.apache.commons.httpclient.HttpParser.readLine(HttpParser.java:106) ~[org.apache.commons.httpclient_3.1.0.v201012070820.jar:na]
	at org.apache.commons.httpclient.HttpConnection.readLine(HttpConnection.java:1116) ~[org.apache.commons.httpclient_3.1.0.v201012070820.jar:na]
	at org.apache.commons.httpclient.MultiThreadedHttpConnectionManager$HttpConnectionAdapter.readLine(MultiThreadedHttpConnectionManager.java:1413) ~[org.apache.commons.httpclient_3.1.0.v201012070820.jar:na]
	at org.apache.commons.httpclient.HttpMethodBase.readStatusLine(HttpMethodBase.java:1973) ~[org.apache.commons.httpclient_3.1.0.v201012070820.jar:na]
	at org.apache.commons.httpclient.HttpMethodBase.readResponse(HttpMethodBase.java:1735) ~[org.apache.commons.httpclient_3.1.0.v201012070820.jar:na]
	at org.apache.commons.httpclient.HttpMethodBase.execute(HttpMethodBase.java:1098) ~[org.apache.commons.httpclient_3.1.0.v201012070820.jar:na]
	at org.apache.commons.httpclient.HttpMethodDirector.executeWithRetry(HttpMethodDirector.java:398) ~[org.apache.commons.httpclient_3.1.0.v201012070820.jar:na]
	at org.apache.commons.httpclient.HttpMethodDirector.executeMethod(HttpMethodDirector.java:171) ~[org.apache.commons.httpclient_3.1.0.v201012070820.jar:na]
	at org.apache.commons.httpclient.HttpClient.executeMethod(HttpClient.java:397) ~[org.apache.commons.httpclient_3.1.0.v201012070820.jar:na]
	at org.apache.commons.httpclient.HttpClient.executeMethod(HttpClient.java:323) ~[org.apache.commons.httpclient_3.1.0.v201012070820.jar:na]
	at org.apache.solr.client.solrj.impl.CommonsHttpSolrServer.request(CommonsHttpSolrServer.java:424) ~[org.apache.solr.client.solrj_3.5.0.v20120530-0900.jar:na]
	... 17 common frames omitted
2015-06-29 14:42:15,085 [Worker-7] ERROR o.e.r.m.a.MavenCentralFingerprintSearchAdvisor - Exception when querying Solr Server <http://search.maven.org/solrsearch>
org.apache.solr.client.solrj.SolrServerException: org.apache.commons.httpclient.ConnectTimeoutException: The host did not accept the connection within timeout of 3000 ms
	at org.apache.solr.client.solrj.impl.CommonsHttpSolrServer.request(CommonsHttpSolrServer.java:480) ~[org.apache.solr.client.solrj_3.5.0.v20120530-0900.jar:na]
	at org.apache.solr.client.solrj.impl.CommonsHttpSolrServer.request(CommonsHttpSolrServer.java:246) ~[org.apache.solr.client.solrj_3.5.0.v20120530-0900.jar:na]
	at org.apache.solr.client.solrj.request.QueryRequest.process(QueryRequest.java:89) ~[na:na]
	at org.apache.solr.client.solrj.SolrServer.query(SolrServer.java:266) ~[org.apache.solr.client.solrj_3.5.0.v20120530-0900.jar:na]
	at org.eclipse.recommenders.models.advisors.MavenCentralFingerprintSearchAdvisor.doSuggest(MavenCentralFingerprintSearchAdvisor.java:91) ~[org.eclipse.recommenders.models_2.1.9.v20140917-1240.jar:na]
	at org.eclipse.recommenders.models.advisors.AbstractProjectCoordinateAdvisor.suggest(AbstractProjectCoordinateAdvisor.java:29) [org.eclipse.recommenders.models_2.1.9.v20140917-1240.jar:na]
	at org.eclipse.recommenders.models.rcp.advisors.EclipseMavenCentralFingerprintSearchAdvisor.suggest(EclipseMavenCentralFingerprintSearchAdvisor.java:55) [org.eclipse.recommenders.models.rcp_2.1.9.v20140917-1240.jar:na]
	at org.eclipse.recommenders.models.advisors.ProjectCoordinateAdvisorService.suggest(ProjectCoordinateAdvisorService.java:52) [org.eclipse.recommenders.models_2.1.9.v20140917-1240.jar:na]
	at org.eclipse.recommenders.internal.models.rcp.EclipseProjectCoordinateAdvisorService$2.load(EclipseProjectCoordinateAdvisorService.java:101) [org.eclipse.recommenders.models.rcp_2.1.9.v20140917-1240.jar:na]
	at org.eclipse.recommenders.internal.models.rcp.EclipseProjectCoordinateAdvisorService$2.load(EclipseProjectCoordinateAdvisorService.java:1) [org.eclipse.recommenders.models.rcp_2.1.9.v20140917-1240.jar:na]
	at com.google.common.cache.CacheLoader.reload(CacheLoader.java:94) [com.google.guava_15.0.0.v201403281430.jar:na]
	at com.google.common.cache.LocalCache$LoadingValueReference.loadFuture(LocalCache.java:3525) [com.google.guava_15.0.0.v201403281430.jar:na]
	at com.google.common.cache.LocalCache$Segment.loadAsync(LocalCache.java:2321) [com.google.guava_15.0.0.v201403281430.jar:na]
	at com.google.common.cache.LocalCache$Segment.refresh(LocalCache.java:2385) [com.google.guava_15.0.0.v201403281430.jar:na]
	at com.google.common.cache.LocalCache.refresh(LocalCache.java:4085) [com.google.guava_15.0.0.v201403281430.jar:na]
	at com.google.common.cache.LocalCache$LocalLoadingCache.refresh(LocalCache.java:4825) [com.google.guava_15.0.0.v201403281430.jar:na]
	at org.eclipse.recommenders.internal.models.rcp.EclipseProjectCoordinateAdvisorService$RefreshProjectCoordinatesJob.run(EclipseProjectCoordinateAdvisorService.java:209) [org.eclipse.recommenders.models.rcp_2.1.9.v20140917-1240.jar:na]
	at org.eclipse.core.internal.jobs.Worker.run(Worker.java:54) [org.eclipse.core.jobs_3.6.1.v20141014-1248.jar:na]
Caused by: org.apache.commons.httpclient.ConnectTimeoutException: The host did not accept the connection within timeout of 3000 ms
	at org.apache.commons.httpclient.protocol.ReflectionSocketFactory.createSocket(ReflectionSocketFactory.java:155) ~[na:na]
	at org.apache.commons.httpclient.protocol.DefaultProtocolSocketFactory.createSocket(DefaultProtocolSocketFactory.java:125) ~[na:na]
	at org.apache.commons.httpclient.HttpConnection.open(HttpConnection.java:707) ~[org.apache.commons.httpclient_3.1.0.v201012070820.jar:na]
	at org.apache.commons.httpclient.MultiThreadedHttpConnectionManager$HttpConnectionAdapter.open(MultiThreadedHttpConnectionManager.java:1361) ~[org.apache.commons.httpclient_3.1.0.v201012070820.jar:na]
	at org.apache.commons.httpclient.HttpMethodDirector.executeWithRetry(HttpMethodDirector.java:387) ~[org.apache.commons.httpclient_3.1.0.v201012070820.jar:na]
	at org.apache.commons.httpclient.HttpMethodDirector.executeMethod(HttpMethodDirector.java:171) ~[org.apache.commons.httpclient_3.1.0.v201012070820.jar:na]
	at org.apache.commons.httpclient.HttpClient.executeMethod(HttpClient.java:397) ~[org.apache.commons.httpclient_3.1.0.v201012070820.jar:na]
	at org.apache.commons.httpclient.HttpClient.executeMethod(HttpClient.java:323) ~[org.apache.commons.httpclient_3.1.0.v201012070820.jar:na]
	at org.apache.solr.client.solrj.impl.CommonsHttpSolrServer.request(CommonsHttpSolrServer.java:424) ~[org.apache.solr.client.solrj_3.5.0.v20120530-0900.jar:na]
	... 17 common frames omitted
Caused by: java.net.SocketTimeoutException: connect timed out
	at java.net.DualStackPlainSocketImpl.waitForConnect(Native Method) ~[na:1.8.0_25]
	at java.net.DualStackPlainSocketImpl.socketConnect(Unknown Source) ~[na:1.8.0_25]
	at java.net.AbstractPlainSocketImpl.doConnect(Unknown Source) ~[na:1.8.0_25]
	at java.net.AbstractPlainSocketImpl.connectToAddress(Unknown Source) ~[na:1.8.0_25]
	at java.net.AbstractPlainSocketImpl.connect(Unknown Source) ~[na:1.8.0_25]
	at java.net.PlainSocketImpl.connect(Unknown Source) ~[na:1.8.0_25]
	at java.net.SocksSocketImpl.connect(Unknown Source) ~[na:1.8.0_25]
	at java.net.Socket.connect(Unknown Source) ~[na:1.8.0_25]
	at sun.reflect.NativeMethodAccessorImpl.invoke0(Native Method) ~[na:1.8.0_25]
	at sun.reflect.NativeMethodAccessorImpl.invoke(Unknown Source) ~[na:1.8.0_25]
	at sun.reflect.DelegatingMethodAccessorImpl.invoke(Unknown Source) ~[na:1.8.0_25]
	at java.lang.reflect.Method.invoke(Unknown Source) ~[na:1.8.0_25]
	at org.apache.commons.httpclient.protocol.ReflectionSocketFactory.createSocket(ReflectionSocketFactory.java:140) ~[na:na]
	... 25 common frames omitted
2015-06-29 18:33:59,107 [Worker-19] ERROR o.e.r.m.a.MavenCentralFingerprintSearchAdvisor - Exception when querying Solr Server <http://search.maven.org/solrsearch>
org.apache.solr.client.solrj.SolrServerException: org.apache.commons.httpclient.ConnectTimeoutException: The host did not accept the connection within timeout of 3000 ms
	at org.apache.solr.client.solrj.impl.CommonsHttpSolrServer.request(CommonsHttpSolrServer.java:480) ~[org.apache.solr.client.solrj_3.5.0.v20120530-0900.jar:na]
	at org.apache.solr.client.solrj.impl.CommonsHttpSolrServer.request(CommonsHttpSolrServer.java:246) ~[org.apache.solr.client.solrj_3.5.0.v20120530-0900.jar:na]
	at org.apache.solr.client.solrj.request.QueryRequest.process(QueryRequest.java:89) ~[na:na]
	at org.apache.solr.client.solrj.SolrServer.query(SolrServer.java:266) ~[org.apache.solr.client.solrj_3.5.0.v20120530-0900.jar:na]
	at org.eclipse.recommenders.models.advisors.MavenCentralFingerprintSearchAdvisor.doSuggest(MavenCentralFingerprintSearchAdvisor.java:91) ~[org.eclipse.recommenders.models_2.1.9.v20140917-1240.jar:na]
	at org.eclipse.recommenders.models.advisors.AbstractProjectCoordinateAdvisor.suggest(AbstractProjectCoordinateAdvisor.java:29) [org.eclipse.recommenders.models_2.1.9.v20140917-1240.jar:na]
	at org.eclipse.recommenders.models.rcp.advisors.EclipseMavenCentralFingerprintSearchAdvisor.suggest(EclipseMavenCentralFingerprintSearchAdvisor.java:55) [org.eclipse.recommenders.models.rcp_2.1.9.v20140917-1240.jar:na]
	at org.eclipse.recommenders.models.advisors.ProjectCoordinateAdvisorService.suggest(ProjectCoordinateAdvisorService.java:52) [org.eclipse.recommenders.models_2.1.9.v20140917-1240.jar:na]
	at org.eclipse.recommenders.internal.models.rcp.EclipseProjectCoordinateAdvisorService$2.load(EclipseProjectCoordinateAdvisorService.java:101) [org.eclipse.recommenders.models.rcp_2.1.9.v20140917-1240.jar:na]
	at org.eclipse.recommenders.internal.models.rcp.EclipseProjectCoordinateAdvisorService$2.load(EclipseProjectCoordinateAdvisorService.java:1) [org.eclipse.recommenders.models.rcp_2.1.9.v20140917-1240.jar:na]
	at com.google.common.cache.CacheLoader.reload(CacheLoader.java:94) [com.google.guava_15.0.0.v201403281430.jar:na]
	at com.google.common.cache.LocalCache$LoadingValueReference.loadFuture(LocalCache.java:3525) [com.google.guava_15.0.0.v201403281430.jar:na]
	at com.google.common.cache.LocalCache$Segment.loadAsync(LocalCache.java:2321) [com.google.guava_15.0.0.v201403281430.jar:na]
	at com.google.common.cache.LocalCache$Segment.refresh(LocalCache.java:2385) [com.google.guava_15.0.0.v201403281430.jar:na]
	at com.google.common.cache.LocalCache.refresh(LocalCache.java:4085) [com.google.guava_15.0.0.v201403281430.jar:na]
	at com.google.common.cache.LocalCache$LocalLoadingCache.refresh(LocalCache.java:4825) [com.google.guava_15.0.0.v201403281430.jar:na]
	at org.eclipse.recommenders.internal.models.rcp.EclipseProjectCoordinateAdvisorService$RefreshProjectCoordinatesJob.run(EclipseProjectCoordinateAdvisorService.java:209) [org.eclipse.recommenders.models.rcp_2.1.9.v20140917-1240.jar:na]
	at org.eclipse.core.internal.jobs.Worker.run(Worker.java:54) [org.eclipse.core.jobs_3.6.1.v20141014-1248.jar:na]
Caused by: org.apache.commons.httpclient.ConnectTimeoutException: The host did not accept the connection within timeout of 3000 ms
	at org.apache.commons.httpclient.protocol.ReflectionSocketFactory.createSocket(ReflectionSocketFactory.java:155) ~[na:na]
	at org.apache.commons.httpclient.protocol.DefaultProtocolSocketFactory.createSocket(DefaultProtocolSocketFactory.java:125) ~[na:na]
	at org.apache.commons.httpclient.HttpConnection.open(HttpConnection.java:707) ~[org.apache.commons.httpclient_3.1.0.v201012070820.jar:na]
	at org.apache.commons.httpclient.MultiThreadedHttpConnectionManager$HttpConnectionAdapter.open(MultiThreadedHttpConnectionManager.java:1361) ~[org.apache.commons.httpclient_3.1.0.v201012070820.jar:na]
	at org.apache.commons.httpclient.HttpMethodDirector.executeWithRetry(HttpMethodDirector.java:387) ~[org.apache.commons.httpclient_3.1.0.v201012070820.jar:na]
	at org.apache.commons.httpclient.HttpMethodDirector.executeMethod(HttpMethodDirector.java:171) ~[org.apache.commons.httpclient_3.1.0.v201012070820.jar:na]
	at org.apache.commons.httpclient.HttpClient.executeMethod(HttpClient.java:397) ~[org.apache.commons.httpclient_3.1.0.v201012070820.jar:na]
	at org.apache.commons.httpclient.HttpClient.executeMethod(HttpClient.java:323) ~[org.apache.commons.httpclient_3.1.0.v201012070820.jar:na]
	at org.apache.solr.client.solrj.impl.CommonsHttpSolrServer.request(CommonsHttpSolrServer.java:424) ~[org.apache.solr.client.solrj_3.5.0.v20120530-0900.jar:na]
	... 17 common frames omitted
Caused by: java.net.SocketTimeoutException: connect timed out
	at java.net.DualStackPlainSocketImpl.waitForConnect(Native Method) ~[na:1.8.0_25]
	at java.net.DualStackPlainSocketImpl.socketConnect(Unknown Source) ~[na:1.8.0_25]
	at java.net.AbstractPlainSocketImpl.doConnect(Unknown Source) ~[na:1.8.0_25]
	at java.net.AbstractPlainSocketImpl.connectToAddress(Unknown Source) ~[na:1.8.0_25]
	at java.net.AbstractPlainSocketImpl.connect(Unknown Source) ~[na:1.8.0_25]
	at java.net.PlainSocketImpl.connect(Unknown Source) ~[na:1.8.0_25]
	at java.net.SocksSocketImpl.connect(Unknown Source) ~[na:1.8.0_25]
	at java.net.Socket.connect(Unknown Source) ~[na:1.8.0_25]
	at sun.reflect.NativeMethodAccessorImpl.invoke0(Native Method) ~[na:1.8.0_25]
	at sun.reflect.NativeMethodAccessorImpl.invoke(Unknown Source) ~[na:1.8.0_25]
	at sun.reflect.DelegatingMethodAccessorImpl.invoke(Unknown Source) ~[na:1.8.0_25]
	at java.lang.reflect.Method.invoke(Unknown Source) ~[na:1.8.0_25]
	at org.apache.commons.httpclient.protocol.ReflectionSocketFactory.createSocket(ReflectionSocketFactory.java:140) ~[na:na]
	... 25 common frames omitted
2015-07-15 20:27:10,754 [Worker-2] ERROR o.e.r.m.a.MavenCentralFingerprintSearchAdvisor - Exception when querying Solr Server <http://search.maven.org/solrsearch>
org.apache.solr.client.solrj.SolrServerException: java.net.SocketTimeoutException: Read timed out
	at org.apache.solr.client.solrj.impl.CommonsHttpSolrServer.request(CommonsHttpSolrServer.java:480) ~[org.apache.solr.client.solrj_3.5.0.v20120530-0900.jar:na]
	at org.apache.solr.client.solrj.impl.CommonsHttpSolrServer.request(CommonsHttpSolrServer.java:246) ~[org.apache.solr.client.solrj_3.5.0.v20120530-0900.jar:na]
	at org.apache.solr.client.solrj.request.QueryRequest.process(QueryRequest.java:89) ~[na:na]
	at org.apache.solr.client.solrj.SolrServer.query(SolrServer.java:266) ~[org.apache.solr.client.solrj_3.5.0.v20120530-0900.jar:na]
	at org.eclipse.recommenders.models.advisors.MavenCentralFingerprintSearchAdvisor.doSuggest(MavenCentralFingerprintSearchAdvisor.java:91) ~[org.eclipse.recommenders.models_2.1.9.v20140917-1240.jar:na]
	at org.eclipse.recommenders.models.advisors.AbstractProjectCoordinateAdvisor.suggest(AbstractProjectCoordinateAdvisor.java:29) [org.eclipse.recommenders.models_2.1.9.v20140917-1240.jar:na]
	at org.eclipse.recommenders.models.rcp.advisors.EclipseMavenCentralFingerprintSearchAdvisor.suggest(EclipseMavenCentralFingerprintSearchAdvisor.java:55) [org.eclipse.recommenders.models.rcp_2.1.9.v20140917-1240.jar:na]
	at org.eclipse.recommenders.models.advisors.ProjectCoordinateAdvisorService.suggest(ProjectCoordinateAdvisorService.java:52) [org.eclipse.recommenders.models_2.1.9.v20140917-1240.jar:na]
	at org.eclipse.recommenders.internal.models.rcp.EclipseProjectCoordinateAdvisorService$2.load(EclipseProjectCoordinateAdvisorService.java:101) [org.eclipse.recommenders.models.rcp_2.1.9.v20140917-1240.jar:na]
	at org.eclipse.recommenders.internal.models.rcp.EclipseProjectCoordinateAdvisorService$2.load(EclipseProjectCoordinateAdvisorService.java:1) [org.eclipse.recommenders.models.rcp_2.1.9.v20140917-1240.jar:na]
	at com.google.common.cache.CacheLoader.reload(CacheLoader.java:94) [com.google.guava_15.0.0.v201403281430.jar:na]
	at com.google.common.cache.LocalCache$LoadingValueReference.loadFuture(LocalCache.java:3525) [com.google.guava_15.0.0.v201403281430.jar:na]
	at com.google.common.cache.LocalCache$Segment.loadAsync(LocalCache.java:2321) [com.google.guava_15.0.0.v201403281430.jar:na]
	at com.google.common.cache.LocalCache$Segment.refresh(LocalCache.java:2385) [com.google.guava_15.0.0.v201403281430.jar:na]
	at com.google.common.cache.LocalCache.refresh(LocalCache.java:4085) [com.google.guava_15.0.0.v201403281430.jar:na]
	at com.google.common.cache.LocalCache$LocalLoadingCache.refresh(LocalCache.java:4825) [com.google.guava_15.0.0.v201403281430.jar:na]
	at org.eclipse.recommenders.internal.models.rcp.EclipseProjectCoordinateAdvisorService$RefreshProjectCoordinatesJob.run(EclipseProjectCoordinateAdvisorService.java:209) [org.eclipse.recommenders.models.rcp_2.1.9.v20140917-1240.jar:na]
	at org.eclipse.core.internal.jobs.Worker.run(Worker.java:54) [org.eclipse.core.jobs_3.6.0.v20140424-0053.jar:na]
Caused by: java.net.SocketTimeoutException: Read timed out
	at java.net.SocketInputStream.socketRead0(Native Method) ~[na:1.8.0_25]
	at java.net.SocketInputStream.read(Unknown Source) ~[na:1.8.0_25]
	at java.net.SocketInputStream.read(Unknown Source) ~[na:1.8.0_25]
	at java.io.BufferedInputStream.fill(Unknown Source) ~[na:1.8.0_25]
	at java.io.BufferedInputStream.read(Unknown Source) ~[na:1.8.0_25]
	at org.apache.commons.httpclient.HttpParser.readRawLine(HttpParser.java:78) ~[org.apache.commons.httpclient_3.1.0.v201012070820.jar:na]
	at org.apache.commons.httpclient.HttpParser.readLine(HttpParser.java:106) ~[org.apache.commons.httpclient_3.1.0.v201012070820.jar:na]
	at org.apache.commons.httpclient.HttpConnection.readLine(HttpConnection.java:1116) ~[org.apache.commons.httpclient_3.1.0.v201012070820.jar:na]
	at org.apache.commons.httpclient.MultiThreadedHttpConnectionManager$HttpConnectionAdapter.readLine(MultiThreadedHttpConnectionManager.java:1413) ~[org.apache.commons.httpclient_3.1.0.v201012070820.jar:na]
	at org.apache.commons.httpclient.HttpMethodBase.readStatusLine(HttpMethodBase.java:1973) ~[org.apache.commons.httpclient_3.1.0.v201012070820.jar:na]
	at org.apache.commons.httpclient.HttpMethodBase.readResponse(HttpMethodBase.java:1735) ~[org.apache.commons.httpclient_3.1.0.v201012070820.jar:na]
	at org.apache.commons.httpclient.HttpMethodBase.execute(HttpMethodBase.java:1098) ~[org.apache.commons.httpclient_3.1.0.v201012070820.jar:na]
	at org.apache.commons.httpclient.HttpMethodDirector.executeWithRetry(HttpMethodDirector.java:398) ~[org.apache.commons.httpclient_3.1.0.v201012070820.jar:na]
	at org.apache.commons.httpclient.HttpMethodDirector.executeMethod(HttpMethodDirector.java:171) ~[org.apache.commons.httpclient_3.1.0.v201012070820.jar:na]
	at org.apache.commons.httpclient.HttpClient.executeMethod(HttpClient.java:397) ~[org.apache.commons.httpclient_3.1.0.v201012070820.jar:na]
	at org.apache.commons.httpclient.HttpClient.executeMethod(HttpClient.java:323) ~[org.apache.commons.httpclient_3.1.0.v201012070820.jar:na]
	at org.apache.solr.client.solrj.impl.CommonsHttpSolrServer.request(CommonsHttpSolrServer.java:424) ~[org.apache.solr.client.solrj_3.5.0.v20120530-0900.jar:na]
	... 17 common frames omitted
2015-10-20 23:07:57,040 [Worker-3] ERROR o.e.r.m.a.MavenCentralFingerprintSearchAdvisor - Exception when querying Solr Server <http://search.maven.org/solrsearch>
org.apache.solr.client.solrj.SolrServerException: org.apache.commons.httpclient.ConnectTimeoutException: The host did not accept the connection within timeout of 3000 ms
	at org.apache.solr.client.solrj.impl.CommonsHttpSolrServer.request(CommonsHttpSolrServer.java:480) ~[org.apache.solr.client.solrj_3.5.0.v20120530-0900.jar:na]
	at org.apache.solr.client.solrj.impl.CommonsHttpSolrServer.request(CommonsHttpSolrServer.java:246) ~[org.apache.solr.client.solrj_3.5.0.v20120530-0900.jar:na]
	at org.apache.solr.client.solrj.request.QueryRequest.process(QueryRequest.java:89) ~[na:na]
	at org.apache.solr.client.solrj.SolrServer.query(SolrServer.java:266) ~[org.apache.solr.client.solrj_3.5.0.v20120530-0900.jar:na]
	at org.eclipse.recommenders.models.advisors.MavenCentralFingerprintSearchAdvisor.doSuggest(MavenCentralFingerprintSearchAdvisor.java:91) ~[org.eclipse.recommenders.models_2.1.9.v20140917-1240.jar:na]
	at org.eclipse.recommenders.models.advisors.AbstractProjectCoordinateAdvisor.suggest(AbstractProjectCoordinateAdvisor.java:29) [org.eclipse.recommenders.models_2.1.9.v20140917-1240.jar:na]
	at org.eclipse.recommenders.models.rcp.advisors.EclipseMavenCentralFingerprintSearchAdvisor.suggest(EclipseMavenCentralFingerprintSearchAdvisor.java:55) [org.eclipse.recommenders.models.rcp_2.1.9.v20140917-1240.jar:na]
	at org.eclipse.recommenders.models.advisors.ProjectCoordinateAdvisorService.suggest(ProjectCoordinateAdvisorService.java:52) [org.eclipse.recommenders.models_2.1.9.v20140917-1240.jar:na]
	at org.eclipse.recommenders.internal.models.rcp.EclipseProjectCoordinateAdvisorService$2.load(EclipseProjectCoordinateAdvisorService.java:101) [org.eclipse.recommenders.models.rcp_2.1.9.v20140917-1240.jar:na]
	at org.eclipse.recommenders.internal.models.rcp.EclipseProjectCoordinateAdvisorService$2.load(EclipseProjectCoordinateAdvisorService.java:1) [org.eclipse.recommenders.models.rcp_2.1.9.v20140917-1240.jar:na]
	at com.google.common.cache.CacheLoader.reload(CacheLoader.java:94) [com.google.guava_15.0.0.v201403281430.jar:na]
	at com.google.common.cache.LocalCache$LoadingValueReference.loadFuture(LocalCache.java:3525) [com.google.guava_15.0.0.v201403281430.jar:na]
	at com.google.common.cache.LocalCache$Segment.loadAsync(LocalCache.java:2321) [com.google.guava_15.0.0.v201403281430.jar:na]
	at com.google.common.cache.LocalCache$Segment.refresh(LocalCache.java:2385) [com.google.guava_15.0.0.v201403281430.jar:na]
	at com.google.common.cache.LocalCache.refresh(LocalCache.java:4085) [com.google.guava_15.0.0.v201403281430.jar:na]
	at com.google.common.cache.LocalCache$LocalLoadingCache.refresh(LocalCache.java:4825) [com.google.guava_15.0.0.v201403281430.jar:na]
	at org.eclipse.recommenders.internal.models.rcp.EclipseProjectCoordinateAdvisorService$RefreshProjectCoordinatesJob.run(EclipseProjectCoordinateAdvisorService.java:209) [org.eclipse.recommenders.models.rcp_2.1.9.v20140917-1240.jar:na]
	at org.eclipse.core.internal.jobs.Worker.run(Worker.java:54) [org.eclipse.core.jobs_3.6.0.v20140424-0053.jar:na]
Caused by: org.apache.commons.httpclient.ConnectTimeoutException: The host did not accept the connection within timeout of 3000 ms
	at org.apache.commons.httpclient.protocol.ReflectionSocketFactory.createSocket(ReflectionSocketFactory.java:155) ~[na:na]
	at org.apache.commons.httpclient.protocol.DefaultProtocolSocketFactory.createSocket(DefaultProtocolSocketFactory.java:125) ~[na:na]
	at org.apache.commons.httpclient.HttpConnection.open(HttpConnection.java:707) ~[org.apache.commons.httpclient_3.1.0.v201012070820.jar:na]
	at org.apache.commons.httpclient.MultiThreadedHttpConnectionManager$HttpConnectionAdapter.open(MultiThreadedHttpConnectionManager.java:1361) ~[org.apache.commons.httpclient_3.1.0.v201012070820.jar:na]
	at org.apache.commons.httpclient.HttpMethodDirector.executeWithRetry(HttpMethodDirector.java:387) ~[org.apache.commons.httpclient_3.1.0.v201012070820.jar:na]
	at org.apache.commons.httpclient.HttpMethodDirector.executeMethod(HttpMethodDirector.java:171) ~[org.apache.commons.httpclient_3.1.0.v201012070820.jar:na]
	at org.apache.commons.httpclient.HttpClient.executeMethod(HttpClient.java:397) ~[org.apache.commons.httpclient_3.1.0.v201012070820.jar:na]
	at org.apache.commons.httpclient.HttpClient.executeMethod(HttpClient.java:323) ~[org.apache.commons.httpclient_3.1.0.v201012070820.jar:na]
	at org.apache.solr.client.solrj.impl.CommonsHttpSolrServer.request(CommonsHttpSolrServer.java:424) ~[org.apache.solr.client.solrj_3.5.0.v20120530-0900.jar:na]
	... 17 common frames omitted
Caused by: java.net.SocketTimeoutException: connect timed out
	at java.net.DualStackPlainSocketImpl.waitForConnect(Native Method) ~[na:1.8.0_25]
	at java.net.DualStackPlainSocketImpl.socketConnect(Unknown Source) ~[na:1.8.0_25]
	at java.net.AbstractPlainSocketImpl.doConnect(Unknown Source) ~[na:1.8.0_25]
	at java.net.AbstractPlainSocketImpl.connectToAddress(Unknown Source) ~[na:1.8.0_25]
	at java.net.AbstractPlainSocketImpl.connect(Unknown Source) ~[na:1.8.0_25]
	at java.net.PlainSocketImpl.connect(Unknown Source) ~[na:1.8.0_25]
	at java.net.SocksSocketImpl.connect(Unknown Source) ~[na:1.8.0_25]
	at java.net.Socket.connect(Unknown Source) ~[na:1.8.0_25]
	at sun.reflect.NativeMethodAccessorImpl.invoke0(Native Method) ~[na:1.8.0_25]
	at sun.reflect.NativeMethodAccessorImpl.invoke(Unknown Source) ~[na:1.8.0_25]
	at sun.reflect.DelegatingMethodAccessorImpl.invoke(Unknown Source) ~[na:1.8.0_25]
	at java.lang.reflect.Method.invoke(Unknown Source) ~[na:1.8.0_25]
	at org.apache.commons.httpclient.protocol.ReflectionSocketFactory.createSocket(ReflectionSocketFactory.java:140) ~[na:na]
	... 25 common frames omitted
2015-10-21 10:39:37,808 [Worker-10] ERROR o.e.r.m.a.MavenCentralFingerprintSearchAdvisor - Exception when querying Solr Server <http://search.maven.org/solrsearch>
org.apache.solr.client.solrj.SolrServerException: java.net.SocketTimeoutException: Read timed out
	at org.apache.solr.client.solrj.impl.CommonsHttpSolrServer.request(CommonsHttpSolrServer.java:480) ~[org.apache.solr.client.solrj_3.5.0.v20120530-0900.jar:na]
	at org.apache.solr.client.solrj.impl.CommonsHttpSolrServer.request(CommonsHttpSolrServer.java:246) ~[org.apache.solr.client.solrj_3.5.0.v20120530-0900.jar:na]
	at org.apache.solr.client.solrj.request.QueryRequest.process(QueryRequest.java:89) ~[na:na]
	at org.apache.solr.client.solrj.SolrServer.query(SolrServer.java:266) ~[org.apache.solr.client.solrj_3.5.0.v20120530-0900.jar:na]
	at org.eclipse.recommenders.models.advisors.MavenCentralFingerprintSearchAdvisor.doSuggest(MavenCentralFingerprintSearchAdvisor.java:91) ~[org.eclipse.recommenders.models_2.1.9.v20140917-1240.jar:na]
	at org.eclipse.recommenders.models.advisors.AbstractProjectCoordinateAdvisor.suggest(AbstractProjectCoordinateAdvisor.java:29) [org.eclipse.recommenders.models_2.1.9.v20140917-1240.jar:na]
	at org.eclipse.recommenders.models.rcp.advisors.EclipseMavenCentralFingerprintSearchAdvisor.suggest(EclipseMavenCentralFingerprintSearchAdvisor.java:55) [org.eclipse.recommenders.models.rcp_2.1.9.v20140917-1240.jar:na]
	at org.eclipse.recommenders.models.advisors.ProjectCoordinateAdvisorService.suggest(ProjectCoordinateAdvisorService.java:52) [org.eclipse.recommenders.models_2.1.9.v20140917-1240.jar:na]
	at org.eclipse.recommenders.internal.models.rcp.EclipseProjectCoordinateAdvisorService$2.load(EclipseProjectCoordinateAdvisorService.java:101) [org.eclipse.recommenders.models.rcp_2.1.9.v20140917-1240.jar:na]
	at org.eclipse.recommenders.internal.models.rcp.EclipseProjectCoordinateAdvisorService$2.load(EclipseProjectCoordinateAdvisorService.java:1) [org.eclipse.recommenders.models.rcp_2.1.9.v20140917-1240.jar:na]
	at com.google.common.cache.CacheLoader.reload(CacheLoader.java:94) [com.google.guava_15.0.0.v201403281430.jar:na]
	at com.google.common.cache.LocalCache$LoadingValueReference.loadFuture(LocalCache.java:3525) [com.google.guava_15.0.0.v201403281430.jar:na]
	at com.google.common.cache.LocalCache$Segment.loadAsync(LocalCache.java:2321) [com.google.guava_15.0.0.v201403281430.jar:na]
	at com.google.common.cache.LocalCache$Segment.refresh(LocalCache.java:2385) [com.google.guava_15.0.0.v201403281430.jar:na]
	at com.google.common.cache.LocalCache.refresh(LocalCache.java:4085) [com.google.guava_15.0.0.v201403281430.jar:na]
	at com.google.common.cache.LocalCache$LocalLoadingCache.refresh(LocalCache.java:4825) [com.google.guava_15.0.0.v201403281430.jar:na]
	at org.eclipse.recommenders.internal.models.rcp.EclipseProjectCoordinateAdvisorService$RefreshProjectCoordinatesJob.run(EclipseProjectCoordinateAdvisorService.java:209) [org.eclipse.recommenders.models.rcp_2.1.9.v20140917-1240.jar:na]
	at org.eclipse.core.internal.jobs.Worker.run(Worker.java:54) [org.eclipse.core.jobs_3.6.0.v20140424-0053.jar:na]
Caused by: java.net.SocketTimeoutException: Read timed out
	at java.net.SocketInputStream.socketRead0(Native Method) ~[na:1.8.0_25]
	at java.net.SocketInputStream.read(Unknown Source) ~[na:1.8.0_25]
	at java.net.SocketInputStream.read(Unknown Source) ~[na:1.8.0_25]
	at java.io.BufferedInputStream.fill(Unknown Source) ~[na:1.8.0_25]
	at java.io.BufferedInputStream.read(Unknown Source) ~[na:1.8.0_25]
	at org.apache.commons.httpclient.HttpParser.readRawLine(HttpParser.java:78) ~[org.apache.commons.httpclient_3.1.0.v201012070820.jar:na]
	at org.apache.commons.httpclient.HttpParser.readLine(HttpParser.java:106) ~[org.apache.commons.httpclient_3.1.0.v201012070820.jar:na]
	at org.apache.commons.httpclient.HttpConnection.readLine(HttpConnection.java:1116) ~[org.apache.commons.httpclient_3.1.0.v201012070820.jar:na]
	at org.apache.commons.httpclient.MultiThreadedHttpConnectionManager$HttpConnectionAdapter.readLine(MultiThreadedHttpConnectionManager.java:1413) ~[org.apache.commons.httpclient_3.1.0.v201012070820.jar:na]
	at org.apache.commons.httpclient.HttpMethodBase.readStatusLine(HttpMethodBase.java:1973) ~[org.apache.commons.httpclient_3.1.0.v201012070820.jar:na]
	at org.apache.commons.httpclient.HttpMethodBase.readResponse(HttpMethodBase.java:1735) ~[org.apache.commons.httpclient_3.1.0.v201012070820.jar:na]
	at org.apache.commons.httpclient.HttpMethodBase.execute(HttpMethodBase.java:1098) ~[org.apache.commons.httpclient_3.1.0.v201012070820.jar:na]
	at org.apache.commons.httpclient.HttpMethodDirector.executeWithRetry(HttpMethodDirector.java:398) ~[org.apache.commons.httpclient_3.1.0.v201012070820.jar:na]
	at org.apache.commons.httpclient.HttpMethodDirector.executeMethod(HttpMethodDirector.java:171) ~[org.apache.commons.httpclient_3.1.0.v201012070820.jar:na]
	at org.apache.commons.httpclient.HttpClient.executeMethod(HttpClient.java:397) ~[org.apache.commons.httpclient_3.1.0.v201012070820.jar:na]
	at org.apache.commons.httpclient.HttpClient.executeMethod(HttpClient.java:323) ~[org.apache.commons.httpclient_3.1.0.v201012070820.jar:na]
	at org.apache.solr.client.solrj.impl.CommonsHttpSolrServer.request(CommonsHttpSolrServer.java:424) ~[org.apache.solr.client.solrj_3.5.0.v20120530-0900.jar:na]
	... 17 common frames omitted
